<?xml version="1.0" encoding="UTF-8"?>
<testng-results ignored="0" total="2" passed="2" failed="0" skipped="0">
  <reporter-output>
  </reporter-output>
  <suite started-at="2022-07-07T13:38:28 IST" name="Suite" finished-at="2022-07-07T13:39:06 IST" duration-ms="38392">
    <groups>
    </groups>
    <test started-at="2022-07-07T13:38:28 IST" name="Test" finished-at="2022-07-07T13:39:06 IST" duration-ms="38392">
      <class name="basics.DaughterClass">
        <test-method is-config="true" signature="start()[pri:0, instance:basics.DaughterClass@27ff5d15]" started-at="2022-07-07T13:38:28 IST" name="start" finished-at="2022-07-07T13:38:33 IST" duration-ms="5434" status="PASS">
          <reporter-output>
          </reporter-output>
        </test-method> <!-- start -->
        <test-method signature="startMercuryNewDemo()[pri:0, instance:basics.DaughterClass@27ff5d15]" started-at="2022-07-07T13:38:33 IST" name="startMercuryNewDemo" finished-at="2022-07-07T13:38:59 IST" duration-ms="25745" status="PASS">
          <reporter-output>
          </reporter-output>
        </test-method> <!-- startMercuryNewDemo -->
        <test-method is-config="true" signature="end()[pri:0, instance:basics.DaughterClass@27ff5d15]" started-at="2022-07-07T13:38:59 IST" name="end" finished-at="2022-07-07T13:38:59 IST" duration-ms="313" status="PASS">
          <reporter-output>
          </reporter-output>
        </test-method> <!-- end -->
      </class> <!-- basics.DaughterClass -->
      <class name="basics.SonClass">
        <test-method is-config="true" signature="start()[pri:0, instance:basics.SonClass@10d307f1]" started-at="2022-07-07T13:38:59 IST" name="start" finished-at="2022-07-07T13:39:02 IST" duration-ms="2709" status="PASS">
          <reporter-output>
          </reporter-output>
        </test-method> <!-- start -->
        <test-method signature="startOrangeHRM()[pri:0, instance:basics.SonClass@10d307f1]" started-at="2022-07-07T13:39:02 IST" name="startOrangeHRM" finished-at="2022-07-07T13:39:06 IST" duration-ms="3954" status="PASS">
          <reporter-output>
          </reporter-output>
        </test-method> <!-- startOrangeHRM -->
        <test-method is-config="true" signature="end()[pri:0, instance:basics.SonClass@10d307f1]" started-at="2022-07-07T13:39:06 IST" name="end" finished-at="2022-07-07T13:39:06 IST" duration-ms="143" status="PASS">
          <reporter-output>
          </reporter-output>
        </test-method> <!-- end -->
      </class> <!-- basics.SonClass -->
    </test> <!-- Test -->
  </suite> <!-- Suite -->
</testng-results>
